ERROR 2022-07-27 15:09:56,080 [AppLog] [BS5GW].[dbo].[ProductB]表格显示失败,System.Data.SqlClient.SqlException (0x80131904): 在与 SQL Server 建立连接时出现与网络相关的或特定于实例的错误。未找到或无法访问服务器。请验证实例名称是否正确并且 SQL Server 已配置为允许远程连接。 (provider: Named Pipes Provider, error: 40 - 无法打开到 SQL Server 的连接) ---> System.ComponentModel.Win32Exception (0x80004005): 找不到网络路径。
   在 System.Data.SqlClient.SqlInternalConnectionTds..ctor(DbConnectionPoolIdentity identity, SqlConnectionString connectionOptions, SqlCredential credential, Object providerInfo, String newPassword, SecureString newSecurePassword, Boolean redirectedUserInstance, SqlConnectionString userConnectionOptions, SessionData reconnectSessionData, DbConnectionPool pool, String accessToken, Boolean applyTransientFaultHandling, SqlAuthenticationProviderManager sqlAuthProviderManager)
   在 System.Data.SqlClient.SqlConnectionFactory.CreateConnection(DbConnectionOptions options, DbConnectionPoolKey poolKey, Object poolGroupProviderInfo, DbConnectionPool pool, DbConnection owningConnection, DbConnectionOptions userOptions)
   在 System.Data.ProviderBase.DbConnectionFactory.CreatePooledConnection(DbConnectionPool pool, DbConnection owningObject, DbConnectionOptions options, DbConnectionPoolKey poolKey, DbConnectionOptions userOptions)
   在 System.Data.ProviderBase.DbConnectionPool.CreateObject(DbConnection owningObject, DbConnectionOptions userOptions, DbConnectionInternal oldConnection)
   在 System.Data.ProviderBase.DbConnectionPool.UserCreateRequest(DbConnection owningObject, DbConnectionOptions userOptions, DbConnectionInternal oldConnection)
   在 System.Data.ProviderBase.DbConnectionPool.TryGetConnection(DbConnection owningObject, UInt32 waitForMultipleObjectsTimeout, Boolean allowCreate, Boolean onlyOneCheckConnection, DbConnectionOptions userOptions, DbConnectionInternal& connection)
   在 System.Data.ProviderBase.DbConnectionPool.TryGetConnection(DbConnection owningObject, TaskCompletionSource`1 retry, DbConnectionOptions userOptions, DbConnectionInternal& connection)
   在 System.Data.ProviderBase.DbConnectionFactory.TryGetConnection(DbConnection owningConnection, TaskCompletionSource`1 retry, DbConnectionOptions userOptions, DbConnectionInternal oldConnection, DbConnectionInternal& connection)
   在 System.Data.ProviderBase.DbConnectionInternal.TryOpenConnectionInternal(DbConnection outerConnection, DbConnectionFactory connectionFactory, TaskCompletionSource`1 retry, DbConnectionOptions userOptions)
   在 System.Data.ProviderBase.DbConnectionClosed.TryOpenConnection(DbConnection outerConnection, DbConnectionFactory connectionFactory, TaskCompletionSource`1 retry, DbConnectionOptions userOptions)
   在 System.Data.SqlClient.SqlConnection.TryOpenInner(TaskCompletionSource`1 retry)
   在 System.Data.SqlClient.SqlConnection.TryOpen(TaskCompletionSource`1 retry)
   在 System.Data.SqlClient.SqlConnection.Open()
   在 System.Data.Common.DbDataAdapter.FillInternal(DataSet dataset, DataTable[] datatables, Int32 startRecord, Int32 maxRecords, String srcTable, IDbCommand command, CommandBehavior behavior)
   在 System.Data.Common.DbDataAdapter.Fill(DataSet dataSet, Int32 startRecord, Int32 maxRecords, String srcTable, IDbCommand command, CommandBehavior behavior)
   在 System.Data.Common.DbDataAdapter.Fill(DataSet dataSet, String srcTable)
   在 DAT.DataBase.ExecuteTable(String sql, String str) 位置 C:\Users\zy\Desktop\保山tcpmodbus 两个棒子分开读\DAT\DataBase.cs:行号 176
   在 BLL.ShowToUi.updateDataTable(String tablename, String str) 位置 C:\Users\zy\Desktop\保山tcpmodbus 两个棒子分开读\BLL\ShowToUi.cs:行号 29
ClientConnectionId:00000000-0000-0000-0000-000000000000
Error Number:53,State:0,Class:20
ERROR 2022-07-27 15:10:17,170 [AppLog] 切方机192.168.108.170(QFJB01)connect()失败！,System.Net.Sockets.SocketException (0x80004005): 由于套接字没有连接并且(当使用一个 sendto 调用发送数据报套接字时)没有提供地址，发送或接收数据的请求没有被接受。
   在 System.Net.Sockets.TcpClient..ctor(String hostname, Int32 port)
   在 BLL.ModbusTcp.Connect() 位置 C:\Users\zy\Desktop\保山tcpmodbus 两个棒子分开读\BLL\ModbusTcp.cs:行号 74
   在 BLL.PLC_Process.generateQfDown() 位置 C:\Users\zy\Desktop\保山tcpmodbus 两个棒子分开读\BLL\PLC_Process.cs:行号 97
ERROR 2022-07-27 15:10:17,176 [AppLog] 错误为System.Threading.ThreadAbortException: 正在中止线程。
   在 BLL.PLC_Process.generateQfDown() 位置 C:\Users\zy\Desktop\保山tcpmodbus 两个棒子分开读\BLL\PLC_Process.cs:行号 102
ERROR 2022-07-27 15:12:40,193 [AppLog] [BS5GW].[dbo].[ProductB]表格显示失败,System.Data.SqlClient.SqlException (0x80131904): 在与 SQL Server 建立连接时出现与网络相关的或特定于实例的错误。未找到或无法访问服务器。请验证实例名称是否正确并且 SQL Server 已配置为允许远程连接。 (provider: Named Pipes Provider, error: 40 - 无法打开到 SQL Server 的连接) ---> System.ComponentModel.Win32Exception (0x80004005): 找不到网络路径。
   在 System.Data.SqlClient.SqlInternalConnectionTds..ctor(DbConnectionPoolIdentity identity, SqlConnectionString connectionOptions, SqlCredential credential, Object providerInfo, String newPassword, SecureString newSecurePassword, Boolean redirectedUserInstance, SqlConnectionString userConnectionOptions, SessionData reconnectSessionData, DbConnectionPool pool, String accessToken, Boolean applyTransientFaultHandling, SqlAuthenticationProviderManager sqlAuthProviderManager)
   在 System.Data.SqlClient.SqlConnectionFactory.CreateConnection(DbConnectionOptions options, DbConnectionPoolKey poolKey, Object poolGroupProviderInfo, DbConnectionPool pool, DbConnection owningConnection, DbConnectionOptions userOptions)
   在 System.Data.ProviderBase.DbConnectionFactory.CreatePooledConnection(DbConnectionPool pool, DbConnection owningObject, DbConnectionOptions options, DbConnectionPoolKey poolKey, DbConnectionOptions userOptions)
   在 System.Data.ProviderBase.DbConnectionPool.CreateObject(DbConnection owningObject, DbConnectionOptions userOptions, DbConnectionInternal oldConnection)
   在 System.Data.ProviderBase.DbConnectionPool.UserCreateRequest(DbConnection owningObject, DbConnectionOptions userOptions, DbConnectionInternal oldConnection)
   在 System.Data.ProviderBase.DbConnectionPool.TryGetConnection(DbConnection owningObject, UInt32 waitForMultipleObjectsTimeout, Boolean allowCreate, Boolean onlyOneCheckConnection, DbConnectionOptions userOptions, DbConnectionInternal& connection)
   在 System.Data.ProviderBase.DbConnectionPool.TryGetConnection(DbConnection owningObject, TaskCompletionSource`1 retry, DbConnectionOptions userOptions, DbConnectionInternal& connection)
   在 System.Data.ProviderBase.DbConnectionFactory.TryGetConnection(DbConnection owningConnection, TaskCompletionSource`1 retry, DbConnectionOptions userOptions, DbConnectionInternal oldConnection, DbConnectionInternal& connection)
   在 System.Data.ProviderBase.DbConnectionInternal.TryOpenConnectionInternal(DbConnection outerConnection, DbConnectionFactory connectionFactory, TaskCompletionSource`1 retry, DbConnectionOptions userOptions)
   在 System.Data.ProviderBase.DbConnectionClosed.TryOpenConnection(DbConnection outerConnection, DbConnectionFactory connectionFactory, TaskCompletionSource`1 retry, DbConnectionOptions userOptions)
   在 System.Data.SqlClient.SqlConnection.TryOpenInner(TaskCompletionSource`1 retry)
   在 System.Data.SqlClient.SqlConnection.TryOpen(TaskCompletionSource`1 retry)
   在 System.Data.SqlClient.SqlConnection.Open()
   在 System.Data.Common.DbDataAdapter.FillInternal(DataSet dataset, DataTable[] datatables, Int32 startRecord, Int32 maxRecords, String srcTable, IDbCommand command, CommandBehavior behavior)
   在 System.Data.Common.DbDataAdapter.Fill(DataSet dataSet, Int32 startRecord, Int32 maxRecords, String srcTable, IDbCommand command, CommandBehavior behavior)
   在 System.Data.Common.DbDataAdapter.Fill(DataSet dataSet, String srcTable)
   在 DAT.DataBase.ExecuteTable(String sql, String str) 位置 C:\Users\zy\Desktop\保山tcpmodbus 两个棒子分开读\DAT\DataBase.cs:行号 176
   在 BLL.ShowToUi.updateDataTable(String tablename, String str) 位置 C:\Users\zy\Desktop\保山tcpmodbus 两个棒子分开读\BLL\ShowToUi.cs:行号 29
ClientConnectionId:00000000-0000-0000-0000-000000000000
Error Number:53,State:0,Class:20
ERROR 2022-07-27 15:13:01,280 [AppLog] 切方机192.168.108.170(QFJB01)connect()失败！,System.Net.Sockets.SocketException (0x80004005): 由于连接方在一段时间后没有正确答复或连接的主机没有反应，连接尝试失败。 192.168.108.170:502
   在 System.Net.Sockets.TcpClient..ctor(String hostname, Int32 port)
   在 BLL.ModbusTcp.Connect() 位置 C:\Users\zy\Desktop\保山tcpmodbus 两个棒子分开读\BLL\ModbusTcp.cs:行号 74
   在 BLL.PLC_Process.generateQfDown() 位置 C:\Users\zy\Desktop\保山tcpmodbus 两个棒子分开读\BLL\PLC_Process.cs:行号 97
ERROR 2022-07-27 15:13:22,292 [AppLog] 切方机192.168.108.169(QFJB02)connect()失败！,System.Net.Sockets.SocketException (0x80004005): 由于连接方在一段时间后没有正确答复或连接的主机没有反应，连接尝试失败。 192.168.108.169:502
   在 System.Net.Sockets.TcpClient..ctor(String hostname, Int32 port)
   在 BLL.ModbusTcp.Connect() 位置 C:\Users\zy\Desktop\保山tcpmodbus 两个棒子分开读\BLL\ModbusTcp.cs:行号 74
   在 BLL.PLC_Process.generateQfDown() 位置 C:\Users\zy\Desktop\保山tcpmodbus 两个棒子分开读\BLL\PLC_Process.cs:行号 97
ERROR 2022-07-27 15:13:43,305 [AppLog] 切方机192.168.108.168(QFJB03)connect()失败！,System.Net.Sockets.SocketException (0x80004005): 由于套接字没有连接并且(当使用一个 sendto 调用发送数据报套接字时)没有提供地址，发送或接收数据的请求没有被接受。
   在 System.Net.Sockets.TcpClient..ctor(String hostname, Int32 port)
   在 BLL.ModbusTcp.Connect() 位置 C:\Users\zy\Desktop\保山tcpmodbus 两个棒子分开读\BLL\ModbusTcp.cs:行号 74
   在 BLL.PLC_Process.generateQfDown() 位置 C:\Users\zy\Desktop\保山tcpmodbus 两个棒子分开读\BLL\PLC_Process.cs:行号 97
ERROR 2022-07-27 15:13:43,311 [AppLog] 错误为System.Threading.ThreadAbortException: 正在中止线程。
   在 BLL.PLC_Process.generateQfDown() 位置 C:\Users\zy\Desktop\保山tcpmodbus 两个棒子分开读\BLL\PLC_Process.cs:行号 102
ERROR 2022-07-27 15:15:32,252 [AppLog] [BS5GW].[dbo].[ProductB]表格显示失败,System.Data.SqlClient.SqlException (0x80131904): 在与 SQL Server 建立连接时出现与网络相关的或特定于实例的错误。未找到或无法访问服务器。请验证实例名称是否正确并且 SQL Server 已配置为允许远程连接。 (provider: Named Pipes Provider, error: 40 - 无法打开到 SQL Server 的连接) ---> System.ComponentModel.Win32Exception (0x80004005): 找不到网络路径。
   在 System.Data.SqlClient.SqlInternalConnectionTds..ctor(DbConnectionPoolIdentity identity, SqlConnectionString connectionOptions, SqlCredential credential, Object providerInfo, String newPassword, SecureString newSecurePassword, Boolean redirectedUserInstance, SqlConnectionString userConnectionOptions, SessionData reconnectSessionData, DbConnectionPool pool, String accessToken, Boolean applyTransientFaultHandling, SqlAuthenticationProviderManager sqlAuthProviderManager)
   在 System.Data.SqlClient.SqlConnectionFactory.CreateConnection(DbConnectionOptions options, DbConnectionPoolKey poolKey, Object poolGroupProviderInfo, DbConnectionPool pool, DbConnection owningConnection, DbConnectionOptions userOptions)
   在 System.Data.ProviderBase.DbConnectionFactory.CreatePooledConnection(DbConnectionPool pool, DbConnection owningObject, DbConnectionOptions options, DbConnectionPoolKey poolKey, DbConnectionOptions userOptions)
   在 System.Data.ProviderBase.DbConnectionPool.CreateObject(DbConnection owningObject, DbConnectionOptions userOptions, DbConnectionInternal oldConnection)
   在 System.Data.ProviderBase.DbConnectionPool.UserCreateRequest(DbConnection owningObject, DbConnectionOptions userOptions, DbConnectionInternal oldConnection)
   在 System.Data.ProviderBase.DbConnectionPool.TryGetConnection(DbConnection owningObject, UInt32 waitForMultipleObjectsTimeout, Boolean allowCreate, Boolean onlyOneCheckConnection, DbConnectionOptions userOptions, DbConnectionInternal& connection)
   在 System.Data.ProviderBase.DbConnectionPool.TryGetConnection(DbConnection owningObject, TaskCompletionSource`1 retry, DbConnectionOptions userOptions, DbConnectionInternal& connection)
   在 System.Data.ProviderBase.DbConnectionFactory.TryGetConnection(DbConnection owningConnection, TaskCompletionSource`1 retry, DbConnectionOptions userOptions, DbConnectionInternal oldConnection, DbConnectionInternal& connection)
   在 System.Data.ProviderBase.DbConnectionInternal.TryOpenConnectionInternal(DbConnection outerConnection, DbConnectionFactory connectionFactory, TaskCompletionSource`1 retry, DbConnectionOptions userOptions)
   在 System.Data.ProviderBase.DbConnectionClosed.TryOpenConnection(DbConnection outerConnection, DbConnectionFactory connectionFactory, TaskCompletionSource`1 retry, DbConnectionOptions userOptions)
   在 System.Data.SqlClient.SqlConnection.TryOpenInner(TaskCompletionSource`1 retry)
   在 System.Data.SqlClient.SqlConnection.TryOpen(TaskCompletionSource`1 retry)
   在 System.Data.SqlClient.SqlConnection.Open()
   在 System.Data.Common.DbDataAdapter.FillInternal(DataSet dataset, DataTable[] datatables, Int32 startRecord, Int32 maxRecords, String srcTable, IDbCommand command, CommandBehavior behavior)
   在 System.Data.Common.DbDataAdapter.Fill(DataSet dataSet, Int32 startRecord, Int32 maxRecords, String srcTable, IDbCommand command, CommandBehavior behavior)
   在 System.Data.Common.DbDataAdapter.Fill(DataSet dataSet, String srcTable)
   在 DAT.DataBase.ExecuteTable(String sql, String str) 位置 C:\Users\zy\Desktop\保山tcpmodbus 两个棒子分开读\DAT\DataBase.cs:行号 176
   在 BLL.ShowToUi.updateDataTable(String tablename, String str) 位置 C:\Users\zy\Desktop\保山tcpmodbus 两个棒子分开读\BLL\ShowToUi.cs:行号 29
ClientConnectionId:00000000-0000-0000-0000-000000000000
Error Number:53,State:0,Class:20
ERROR 2022-07-27 15:15:53,352 [AppLog] 切方机192.168.108.170(QFJB01)connect()失败！,System.Net.Sockets.SocketException (0x80004005): 由于连接方在一段时间后没有正确答复或连接的主机没有反应，连接尝试失败。 192.168.108.170:502
   在 System.Net.Sockets.TcpClient..ctor(String hostname, Int32 port)
   在 BLL.ModbusTcp.Connect() 位置 C:\Users\zy\Desktop\保山tcpmodbus 两个棒子分开读\BLL\ModbusTcp.cs:行号 74
   在 BLL.PLC_Process.generateQfDown() 位置 C:\Users\zy\Desktop\保山tcpmodbus 两个棒子分开读\BLL\PLC_Process.cs:行号 97
ERROR 2022-07-27 15:16:14,364 [AppLog] 切方机192.168.108.169(QFJB02)connect()失败！,System.Net.Sockets.SocketException (0x80004005): 由于连接方在一段时间后没有正确答复或连接的主机没有反应，连接尝试失败。 192.168.108.169:502
   在 System.Net.Sockets.TcpClient..ctor(String hostname, Int32 port)
   在 BLL.ModbusTcp.Connect() 位置 C:\Users\zy\Desktop\保山tcpmodbus 两个棒子分开读\BLL\ModbusTcp.cs:行号 74
   在 BLL.PLC_Process.generateQfDown() 位置 C:\Users\zy\Desktop\保山tcpmodbus 两个棒子分开读\BLL\PLC_Process.cs:行号 97
ERROR 2022-07-27 15:16:35,975 [AppLog] 切方机192.168.108.168(QFJB03)connect()失败！,System.Net.Sockets.SocketException (0x80004005): 由于套接字没有连接并且(当使用一个 sendto 调用发送数据报套接字时)没有提供地址，发送或接收数据的请求没有被接受。
   在 System.Net.Sockets.TcpClient..ctor(String hostname, Int32 port)
   在 BLL.ModbusTcp.Connect() 位置 C:\Users\zy\Desktop\保山tcpmodbus 两个棒子分开读\BLL\ModbusTcp.cs:行号 74
   在 BLL.PLC_Process.generateQfDown() 位置 C:\Users\zy\Desktop\保山tcpmodbus 两个棒子分开读\BLL\PLC_Process.cs:行号 97
ERROR 2022-07-27 15:16:36,054 [AppLog] 错误为System.Threading.ThreadAbortException: 正在中止线程。
   在 BLL.PLC_Process.generateQfDown() 位置 C:\Users\zy\Desktop\保山tcpmodbus 两个棒子分开读\BLL\PLC_Process.cs:行号 102
ERROR 2022-07-27 15:25:37,433 [AppLog] [BS5GW].[dbo].[ProductB]表格显示失败,System.Data.SqlClient.SqlException (0x80131904): 在与 SQL Server 建立连接时出现与网络相关的或特定于实例的错误。未找到或无法访问服务器。请验证实例名称是否正确并且 SQL Server 已配置为允许远程连接。 (provider: Named Pipes Provider, error: 40 - 无法打开到 SQL Server 的连接) ---> System.ComponentModel.Win32Exception (0x80004005): 找不到网络路径。
   在 System.Data.SqlClient.SqlInternalConnectionTds..ctor(DbConnectionPoolIdentity identity, SqlConnectionString connectionOptions, SqlCredential credential, Object providerInfo, String newPassword, SecureString newSecurePassword, Boolean redirectedUserInstance, SqlConnectionString userConnectionOptions, SessionData reconnectSessionData, DbConnectionPool pool, String accessToken, Boolean applyTransientFaultHandling, SqlAuthenticationProviderManager sqlAuthProviderManager)
   在 System.Data.SqlClient.SqlConnectionFactory.CreateConnection(DbConnectionOptions options, DbConnectionPoolKey poolKey, Object poolGroupProviderInfo, DbConnectionPool pool, DbConnection owningConnection, DbConnectionOptions userOptions)
   在 System.Data.ProviderBase.DbConnectionFactory.CreatePooledConnection(DbConnectionPool pool, DbConnection owningObject, DbConnectionOptions options, DbConnectionPoolKey poolKey, DbConnectionOptions userOptions)
   在 System.Data.ProviderBase.DbConnectionPool.CreateObject(DbConnection owningObject, DbConnectionOptions userOptions, DbConnectionInternal oldConnection)
   在 System.Data.ProviderBase.DbConnectionPool.UserCreateRequest(DbConnection owningObject, DbConnectionOptions userOptions, DbConnectionInternal oldConnection)
   在 System.Data.ProviderBase.DbConnectionPool.TryGetConnection(DbConnection owningObject, UInt32 waitForMultipleObjectsTimeout, Boolean allowCreate, Boolean onlyOneCheckConnection, DbConnectionOptions userOptions, DbConnectionInternal& connection)
   在 System.Data.ProviderBase.DbConnectionPool.TryGetConnection(DbConnection owningObject, TaskCompletionSource`1 retry, DbConnectionOptions userOptions, DbConnectionInternal& connection)
   在 System.Data.ProviderBase.DbConnectionFactory.TryGetConnection(DbConnection owningConnection, TaskCompletionSource`1 retry, DbConnectionOptions userOptions, DbConnectionInternal oldConnection, DbConnectionInternal& connection)
   在 System.Data.ProviderBase.DbConnectionInternal.TryOpenConnectionInternal(DbConnection outerConnection, DbConnectionFactory connectionFactory, TaskCompletionSource`1 retry, DbConnectionOptions userOptions)
   在 System.Data.ProviderBase.DbConnectionClosed.TryOpenConnection(DbConnection outerConnection, DbConnectionFactory connectionFactory, TaskCompletionSource`1 retry, DbConnectionOptions userOptions)
   在 System.Data.SqlClient.SqlConnection.TryOpenInner(TaskCompletionSource`1 retry)
   在 System.Data.SqlClient.SqlConnection.TryOpen(TaskCompletionSource`1 retry)
   在 System.Data.SqlClient.SqlConnection.Open()
   在 System.Data.Common.DbDataAdapter.FillInternal(DataSet dataset, DataTable[] datatables, Int32 startRecord, Int32 maxRecords, String srcTable, IDbCommand command, CommandBehavior behavior)
   在 System.Data.Common.DbDataAdapter.Fill(DataSet dataSet, Int32 startRecord, Int32 maxRecords, String srcTable, IDbCommand command, CommandBehavior behavior)
   在 System.Data.Common.DbDataAdapter.Fill(DataSet dataSet, String srcTable)
   在 DAT.DataBase.ExecuteTable(String sql, String str) 位置 C:\Users\zy\Desktop\保山tcpmodbus 两个棒子分开读\DAT\DataBase.cs:行号 176
   在 BLL.ShowToUi.updateDataTable(String tablename, String str) 位置 C:\Users\zy\Desktop\保山tcpmodbus 两个棒子分开读\BLL\ShowToUi.cs:行号 29
ClientConnectionId:00000000-0000-0000-0000-000000000000
Error Number:53,State:0,Class:20
ERROR 2022-07-27 15:25:58,515 [AppLog] 切方机192.168.108.170(QFJB01)connect()失败！,System.Net.Sockets.SocketException (0x80004005): 由于连接方在一段时间后没有正确答复或连接的主机没有反应，连接尝试失败。 192.168.108.170:502
   在 System.Net.Sockets.TcpClient..ctor(String hostname, Int32 port)
   在 BLL.ModbusTcp.Connect() 位置 C:\Users\zy\Desktop\保山tcpmodbus 两个棒子分开读\BLL\ModbusTcp.cs:行号 74
   在 BLL.PLC_Process.generateQfDown() 位置 C:\Users\zy\Desktop\保山tcpmodbus 两个棒子分开读\BLL\PLC_Process.cs:行号 97
ERROR 2022-07-27 15:26:19,530 [AppLog] 切方机192.168.108.169(QFJB02)connect()失败！,System.Net.Sockets.SocketException (0x80004005): 由于连接方在一段时间后没有正确答复或连接的主机没有反应，连接尝试失败。 192.168.108.169:502
   在 System.Net.Sockets.TcpClient..ctor(String hostname, Int32 port)
   在 BLL.ModbusTcp.Connect() 位置 C:\Users\zy\Desktop\保山tcpmodbus 两个棒子分开读\BLL\ModbusTcp.cs:行号 74
   在 BLL.PLC_Process.generateQfDown() 位置 C:\Users\zy\Desktop\保山tcpmodbus 两个棒子分开读\BLL\PLC_Process.cs:行号 97
ERROR 2022-07-27 15:26:40,543 [AppLog] 切方机192.168.108.168(QFJB03)connect()失败！,System.Net.Sockets.SocketException (0x80004005): 由于连接方在一段时间后没有正确答复或连接的主机没有反应，连接尝试失败。 192.168.108.168:502
   在 System.Net.Sockets.TcpClient..ctor(String hostname, Int32 port)
   在 BLL.ModbusTcp.Connect() 位置 C:\Users\zy\Desktop\保山tcpmodbus 两个棒子分开读\BLL\ModbusTcp.cs:行号 74
   在 BLL.PLC_Process.generateQfDown() 位置 C:\Users\zy\Desktop\保山tcpmodbus 两个棒子分开读\BLL\PLC_Process.cs:行号 97
ERROR 2022-07-27 15:27:01,555 [AppLog] 切方机192.168.108.167(QFJB04)connect()失败！,System.Net.Sockets.SocketException (0x80004005): 由于连接方在一段时间后没有正确答复或连接的主机没有反应，连接尝试失败。 192.168.108.167:502
   在 System.Net.Sockets.TcpClient..ctor(String hostname, Int32 port)
   在 BLL.ModbusTcp.Connect() 位置 C:\Users\zy\Desktop\保山tcpmodbus 两个棒子分开读\BLL\ModbusTcp.cs:行号 74
   在 BLL.PLC_Process.generateQfDown() 位置 C:\Users\zy\Desktop\保山tcpmodbus 两个棒子分开读\BLL\PLC_Process.cs:行号 97
ERROR 2022-07-27 15:27:22,565 [AppLog] 切方机192.168.108.166(QFJB05)connect()失败！,System.Net.Sockets.SocketException (0x80004005): 由于连接方在一段时间后没有正确答复或连接的主机没有反应，连接尝试失败。 192.168.108.166:502
   在 System.Net.Sockets.TcpClient..ctor(String hostname, Int32 port)
   在 BLL.ModbusTcp.Connect() 位置 C:\Users\zy\Desktop\保山tcpmodbus 两个棒子分开读\BLL\ModbusTcp.cs:行号 74
   在 BLL.PLC_Process.generateQfDown() 位置 C:\Users\zy\Desktop\保山tcpmodbus 两个棒子分开读\BLL\PLC_Process.cs:行号 97
ERROR 2022-07-27 15:27:43,575 [AppLog] 切方机192.168.108.165(QFJB06)connect()失败！,System.Net.Sockets.SocketException (0x80004005): 由于套接字没有连接并且(当使用一个 sendto 调用发送数据报套接字时)没有提供地址，发送或接收数据的请求没有被接受。
   在 System.Net.Sockets.TcpClient..ctor(String hostname, Int32 port)
   在 BLL.ModbusTcp.Connect() 位置 C:\Users\zy\Desktop\保山tcpmodbus 两个棒子分开读\BLL\ModbusTcp.cs:行号 74
   在 BLL.PLC_Process.generateQfDown() 位置 C:\Users\zy\Desktop\保山tcpmodbus 两个棒子分开读\BLL\PLC_Process.cs:行号 97
ERROR 2022-07-27 15:27:43,581 [AppLog] 错误为System.Threading.ThreadAbortException: 正在中止线程。
   在 BLL.PLC_Process.generateQfDown() 位置 C:\Users\zy\Desktop\保山tcpmodbus 两个棒子分开读\BLL\PLC_Process.cs:行号 102
ERROR 2022-07-27 15:33:09,723 [AppLog] [BS5GW].[dbo].[ProductB]表格显示失败,System.Data.SqlClient.SqlException (0x80131904): 在与 SQL Server 建立连接时出现与网络相关的或特定于实例的错误。未找到或无法访问服务器。请验证实例名称是否正确并且 SQL Server 已配置为允许远程连接。 (provider: Named Pipes Provider, error: 40 - 无法打开到 SQL Server 的连接) ---> System.ComponentModel.Win32Exception (0x80004005): 找不到网络路径。
   在 System.Data.SqlClient.SqlInternalConnectionTds..ctor(DbConnectionPoolIdentity identity, SqlConnectionString connectionOptions, SqlCredential credential, Object providerInfo, String newPassword, SecureString newSecurePassword, Boolean redirectedUserInstance, SqlConnectionString userConnectionOptions, SessionData reconnectSessionData, DbConnectionPool pool, String accessToken, Boolean applyTransientFaultHandling, SqlAuthenticationProviderManager sqlAuthProviderManager)
   在 System.Data.SqlClient.SqlConnectionFactory.CreateConnection(DbConnectionOptions options, DbConnectionPoolKey poolKey, Object poolGroupProviderInfo, DbConnectionPool pool, DbConnection owningConnection, DbConnectionOptions userOptions)
   在 System.Data.ProviderBase.DbConnectionFactory.CreatePooledConnection(DbConnectionPool pool, DbConnection owningObject, DbConnectionOptions options, DbConnectionPoolKey poolKey, DbConnectionOptions userOptions)
   在 System.Data.ProviderBase.DbConnectionPool.CreateObject(DbConnection owningObject, DbConnectionOptions userOptions, DbConnectionInternal oldConnection)
   在 System.Data.ProviderBase.DbConnectionPool.UserCreateRequest(DbConnection owningObject, DbConnectionOptions userOptions, DbConnectionInternal oldConnection)
   在 System.Data.ProviderBase.DbConnectionPool.TryGetConnection(DbConnection owningObject, UInt32 waitForMultipleObjectsTimeout, Boolean allowCreate, Boolean onlyOneCheckConnection, DbConnectionOptions userOptions, DbConnectionInternal& connection)
   在 System.Data.ProviderBase.DbConnectionPool.TryGetConnection(DbConnection owningObject, TaskCompletionSource`1 retry, DbConnectionOptions userOptions, DbConnectionInternal& connection)
   在 System.Data.ProviderBase.DbConnectionFactory.TryGetConnection(DbConnection owningConnection, TaskCompletionSource`1 retry, DbConnectionOptions userOptions, DbConnectionInternal oldConnection, DbConnectionInternal& connection)
   在 System.Data.ProviderBase.DbConnectionInternal.TryOpenConnectionInternal(DbConnection outerConnection, DbConnectionFactory connectionFactory, TaskCompletionSource`1 retry, DbConnectionOptions userOptions)
   在 System.Data.ProviderBase.DbConnectionClosed.TryOpenConnection(DbConnection outerConnection, DbConnectionFactory connectionFactory, TaskCompletionSource`1 retry, DbConnectionOptions userOptions)
   在 System.Data.SqlClient.SqlConnection.TryOpenInner(TaskCompletionSource`1 retry)
   在 System.Data.SqlClient.SqlConnection.TryOpen(TaskCompletionSource`1 retry)
   在 System.Data.SqlClient.SqlConnection.Open()
   在 System.Data.Common.DbDataAdapter.FillInternal(DataSet dataset, DataTable[] datatables, Int32 startRecord, Int32 maxRecords, String srcTable, IDbCommand command, CommandBehavior behavior)
   在 System.Data.Common.DbDataAdapter.Fill(DataSet dataSet, Int32 startRecord, Int32 maxRecords, String srcTable, IDbCommand command, CommandBehavior behavior)
   在 System.Data.Common.DbDataAdapter.Fill(DataSet dataSet, String srcTable)
   在 DAT.DataBase.ExecuteTable(String sql, String str) 位置 C:\Users\zy\Desktop\保山tcpmodbus 两个棒子分开读\DAT\DataBase.cs:行号 176
   在 BLL.ShowToUi.updateDataTable(String tablename, String str) 位置 C:\Users\zy\Desktop\保山tcpmodbus 两个棒子分开读\BLL\ShowToUi.cs:行号 29
ClientConnectionId:00000000-0000-0000-0000-000000000000
Error Number:53,State:0,Class:20
ERROR 2022-07-27 15:33:30,815 [AppLog] 切方机192.168.108.170(QFJB01)connect()失败！,System.Net.Sockets.SocketException (0x80004005): 由于套接字没有连接并且(当使用一个 sendto 调用发送数据报套接字时)没有提供地址，发送或接收数据的请求没有被接受。
   在 System.Net.Sockets.TcpClient..ctor(String hostname, Int32 port)
   在 BLL.ModbusTcp.Connect() 位置 C:\Users\zy\Desktop\保山tcpmodbus 两个棒子分开读\BLL\ModbusTcp.cs:行号 74
   在 BLL.PLC_Process.generateQfDown() 位置 C:\Users\zy\Desktop\保山tcpmodbus 两个棒子分开读\BLL\PLC_Process.cs:行号 97
ERROR 2022-07-27 15:33:30,824 [AppLog] 错误为System.Threading.ThreadAbortException: 正在中止线程。
   在 BLL.PLC_Process.generateQfDown() 位置 C:\Users\zy\Desktop\保山tcpmodbus 两个棒子分开读\BLL\PLC_Process.cs:行号 102
ERROR 2022-07-27 15:50:28,444 [AppLog] [BS5GW].[dbo].[ProductB]表格显示失败,System.Data.SqlClient.SqlException (0x80131904): 在与 SQL Server 建立连接时出现与网络相关的或特定于实例的错误。未找到或无法访问服务器。请验证实例名称是否正确并且 SQL Server 已配置为允许远程连接。 (provider: Named Pipes Provider, error: 40 - 无法打开到 SQL Server 的连接) ---> System.ComponentModel.Win32Exception (0x80004005): 找不到网络路径。
   在 System.Data.SqlClient.SqlInternalConnectionTds..ctor(DbConnectionPoolIdentity identity, SqlConnectionString connectionOptions, SqlCredential credential, Object providerInfo, String newPassword, SecureString newSecurePassword, Boolean redirectedUserInstance, SqlConnectionString userConnectionOptions, SessionData reconnectSessionData, DbConnectionPool pool, String accessToken, Boolean applyTransientFaultHandling, SqlAuthenticationProviderManager sqlAuthProviderManager)
   在 System.Data.SqlClient.SqlConnectionFactory.CreateConnection(DbConnectionOptions options, DbConnectionPoolKey poolKey, Object poolGroupProviderInfo, DbConnectionPool pool, DbConnection owningConnection, DbConnectionOptions userOptions)
   在 System.Data.ProviderBase.DbConnectionFactory.CreatePooledConnection(DbConnectionPool pool, DbConnection owningObject, DbConnectionOptions options, DbConnectionPoolKey poolKey, DbConnectionOptions userOptions)
   在 System.Data.ProviderBase.DbConnectionPool.CreateObject(DbConnection owningObject, DbConnectionOptions userOptions, DbConnectionInternal oldConnection)
   在 System.Data.ProviderBase.DbConnectionPool.UserCreateRequest(DbConnection owningObject, DbConnectionOptions userOptions, DbConnectionInternal oldConnection)
   在 System.Data.ProviderBase.DbConnectionPool.TryGetConnection(DbConnection owningObject, UInt32 waitForMultipleObjectsTimeout, Boolean allowCreate, Boolean onlyOneCheckConnection, DbConnectionOptions userOptions, DbConnectionInternal& connection)
   在 System.Data.ProviderBase.DbConnectionPool.TryGetConnection(DbConnection owningObject, TaskCompletionSource`1 retry, DbConnectionOptions userOptions, DbConnectionInternal& connection)
   在 System.Data.ProviderBase.DbConnectionFactory.TryGetConnection(DbConnection owningConnection, TaskCompletionSource`1 retry, DbConnectionOptions userOptions, DbConnectionInternal oldConnection, DbConnectionInternal& connection)
   在 System.Data.ProviderBase.DbConnectionInternal.TryOpenConnectionInternal(DbConnection outerConnection, DbConnectionFactory connectionFactory, TaskCompletionSource`1 retry, DbConnectionOptions userOptions)
   在 System.Data.ProviderBase.DbConnectionClosed.TryOpenConnection(DbConnection outerConnection, DbConnectionFactory connectionFactory, TaskCompletionSource`1 retry, DbConnectionOptions userOptions)
   在 System.Data.SqlClient.SqlConnection.TryOpenInner(TaskCompletionSource`1 retry)
   在 System.Data.SqlClient.SqlConnection.TryOpen(TaskCompletionSource`1 retry)
   在 System.Data.SqlClient.SqlConnection.Open()
   在 System.Data.Common.DbDataAdapter.FillInternal(DataSet dataset, DataTable[] datatables, Int32 startRecord, Int32 maxRecords, String srcTable, IDbCommand command, CommandBehavior behavior)
   在 System.Data.Common.DbDataAdapter.Fill(DataSet dataSet, Int32 startRecord, Int32 maxRecords, String srcTable, IDbCommand command, CommandBehavior behavior)
   在 System.Data.Common.DbDataAdapter.Fill(DataSet dataSet, String srcTable)
   在 DAT.DataBase.ExecuteTable(String sql, String str) 位置 C:\Users\zy\Desktop\保山tcpmodbus 两个棒子分开读\DAT\DataBase.cs:行号 176
   在 BLL.ShowToUi.updateDataTable(String tablename, String str) 位置 C:\Users\zy\Desktop\保山tcpmodbus 两个棒子分开读\BLL\ShowToUi.cs:行号 29
ClientConnectionId:00000000-0000-0000-0000-000000000000
Error Number:53,State:0,Class:20
ERROR 2022-07-27 15:50:49,537 [AppLog] 切方机192.168.108.170(QFJB01)connect()失败！,System.Net.Sockets.SocketException (0x80004005): 由于连接方在一段时间后没有正确答复或连接的主机没有反应，连接尝试失败。 192.168.108.170:502
   在 System.Net.Sockets.TcpClient..ctor(String hostname, Int32 port)
   在 BLL.ModbusTcp.Connect() 位置 C:\Users\zy\Desktop\保山tcpmodbus 两个棒子分开读\BLL\ModbusTcp.cs:行号 74
   在 BLL.PLC_Process.generateQfDown() 位置 C:\Users\zy\Desktop\保山tcpmodbus 两个棒子分开读\BLL\PLC_Process.cs:行号 97
ERROR 2022-07-27 15:51:10,558 [AppLog] 切方机192.168.108.169(QFJB02)connect()失败！,System.Net.Sockets.SocketException (0x80004005): 由于套接字没有连接并且(当使用一个 sendto 调用发送数据报套接字时)没有提供地址，发送或接收数据的请求没有被接受。
   在 System.Net.Sockets.TcpClient..ctor(String hostname, Int32 port)
   在 BLL.ModbusTcp.Connect() 位置 C:\Users\zy\Desktop\保山tcpmodbus 两个棒子分开读\BLL\ModbusTcp.cs:行号 74
   在 BLL.PLC_Process.generateQfDown() 位置 C:\Users\zy\Desktop\保山tcpmodbus 两个棒子分开读\BLL\PLC_Process.cs:行号 97
ERROR 2022-07-27 15:51:10,563 [AppLog] 错误为System.Threading.ThreadAbortException: 正在中止线程。
   在 BLL.PLC_Process.generateQfDown() 位置 C:\Users\zy\Desktop\保山tcpmodbus 两个棒子分开读\BLL\PLC_Process.cs:行号 102
ERROR 2022-07-27 15:57:16,818 [AppLog] [BS5GW].[dbo].[ProductB]表格显示失败,System.Data.SqlClient.SqlException (0x80131904): 在与 SQL Server 建立连接时出现与网络相关的或特定于实例的错误。未找到或无法访问服务器。请验证实例名称是否正确并且 SQL Server 已配置为允许远程连接。 (provider: Named Pipes Provider, error: 40 - 无法打开到 SQL Server 的连接) ---> System.ComponentModel.Win32Exception (0x80004005): 找不到网络路径。
   在 System.Data.SqlClient.SqlInternalConnectionTds..ctor(DbConnectionPoolIdentity identity, SqlConnectionString connectionOptions, SqlCredential credential, Object providerInfo, String newPassword, SecureString newSecurePassword, Boolean redirectedUserInstance, SqlConnectionString userConnectionOptions, SessionData reconnectSessionData, DbConnectionPool pool, String accessToken, Boolean applyTransientFaultHandling, SqlAuthenticationProviderManager sqlAuthProviderManager)
   在 System.Data.SqlClient.SqlConnectionFactory.CreateConnection(DbConnectionOptions options, DbConnectionPoolKey poolKey, Object poolGroupProviderInfo, DbConnectionPool pool, DbConnection owningConnection, DbConnectionOptions userOptions)
   在 System.Data.ProviderBase.DbConnectionFactory.CreatePooledConnection(DbConnectionPool pool, DbConnection owningObject, DbConnectionOptions options, DbConnectionPoolKey poolKey, DbConnectionOptions userOptions)
   在 System.Data.ProviderBase.DbConnectionPool.CreateObject(DbConnection owningObject, DbConnectionOptions userOptions, DbConnectionInternal oldConnection)
   在 System.Data.ProviderBase.DbConnectionPool.UserCreateRequest(DbConnection owningObject, DbConnectionOptions userOptions, DbConnectionInternal oldConnection)
   在 System.Data.ProviderBase.DbConnectionPool.TryGetConnection(DbConnection owningObject, UInt32 waitForMultipleObjectsTimeout, Boolean allowCreate, Boolean onlyOneCheckConnection, DbConnectionOptions userOptions, DbConnectionInternal& connection)
   在 System.Data.ProviderBase.DbConnectionPool.TryGetConnection(DbConnection owningObject, TaskCompletionSource`1 retry, DbConnectionOptions userOptions, DbConnectionInternal& connection)
   在 System.Data.ProviderBase.DbConnectionFactory.TryGetConnection(DbConnection owningConnection, TaskCompletionSource`1 retry, DbConnectionOptions userOptions, DbConnectionInternal oldConnection, DbConnectionInternal& connection)
   在 System.Data.ProviderBase.DbConnectionInternal.TryOpenConnectionInternal(DbConnection outerConnection, DbConnectionFactory connectionFactory, TaskCompletionSource`1 retry, DbConnectionOptions userOptions)
   在 System.Data.ProviderBase.DbConnectionClosed.TryOpenConnection(DbConnection outerConnection, DbConnectionFactory connectionFactory, TaskCompletionSource`1 retry, DbConnectionOptions userOptions)
   在 System.Data.SqlClient.SqlConnection.TryOpenInner(TaskCompletionSource`1 retry)
   在 System.Data.SqlClient.SqlConnection.TryOpen(TaskCompletionSource`1 retry)
   在 System.Data.SqlClient.SqlConnection.Open()
   在 System.Data.Common.DbDataAdapter.FillInternal(DataSet dataset, DataTable[] datatables, Int32 startRecord, Int32 maxRecords, String srcTable, IDbCommand command, CommandBehavior behavior)
   在 System.Data.Common.DbDataAdapter.Fill(DataSet dataSet, Int32 startRecord, Int32 maxRecords, String srcTable, IDbCommand command, CommandBehavior behavior)
   在 System.Data.Common.DbDataAdapter.Fill(DataSet dataSet, String srcTable)
   在 DAT.DataBase.ExecuteTable(String sql, String str) 位置 C:\Users\zy\Desktop\保山tcpmodbus 两个棒子分开读\DAT\DataBase.cs:行号 176
   在 BLL.ShowToUi.updateDataTable(String tablename, String str) 位置 C:\Users\zy\Desktop\保山tcpmodbus 两个棒子分开读\BLL\ShowToUi.cs:行号 29
ClientConnectionId:00000000-0000-0000-0000-000000000000
Error Number:53,State:0,Class:20
ERROR 2022-07-27 15:57:37,930 [AppLog] 切方机192.168.108.170(QFJB01)connect()失败！,System.Net.Sockets.SocketException (0x80004005): 由于套接字没有连接并且(当使用一个 sendto 调用发送数据报套接字时)没有提供地址，发送或接收数据的请求没有被接受。
   在 System.Net.Sockets.TcpClient..ctor(String hostname, Int32 port)
   在 BLL.ModbusTcp.Connect() 位置 C:\Users\zy\Desktop\保山tcpmodbus 两个棒子分开读\BLL\ModbusTcp.cs:行号 74
   在 BLL.PLC_Process.generateQfDown() 位置 C:\Users\zy\Desktop\保山tcpmodbus 两个棒子分开读\BLL\PLC_Process.cs:行号 97
ERROR 2022-07-27 15:57:37,943 [AppLog] 错误为System.Threading.ThreadAbortException: 正在中止线程。
   在 BLL.PLC_Process.generateQfDown() 位置 C:\Users\zy\Desktop\保山tcpmodbus 两个棒子分开读\BLL\PLC_Process.cs:行号 102
ERROR 2022-07-27 16:01:18,743 [AppLog] [BS5GW].[dbo].[ProductB]表格显示失败,System.Data.SqlClient.SqlException (0x80131904): 在与 SQL Server 建立连接时出现与网络相关的或特定于实例的错误。未找到或无法访问服务器。请验证实例名称是否正确并且 SQL Server 已配置为允许远程连接。 (provider: Named Pipes Provider, error: 40 - 无法打开到 SQL Server 的连接) ---> System.ComponentModel.Win32Exception (0x80004005): 找不到网络路径。
   在 System.Data.SqlClient.SqlInternalConnectionTds..ctor(DbConnectionPoolIdentity identity, SqlConnectionString connectionOptions, SqlCredential credential, Object providerInfo, String newPassword, SecureString newSecurePassword, Boolean redirectedUserInstance, SqlConnectionString userConnectionOptions, SessionData reconnectSessionData, DbConnectionPool pool, String accessToken, Boolean applyTransientFaultHandling, SqlAuthenticationProviderManager sqlAuthProviderManager)
   在 System.Data.SqlClient.SqlConnectionFactory.CreateConnection(DbConnectionOptions options, DbConnectionPoolKey poolKey, Object poolGroupProviderInfo, DbConnectionPool pool, DbConnection owningConnection, DbConnectionOptions userOptions)
   在 System.Data.ProviderBase.DbConnectionFactory.CreatePooledConnection(DbConnectionPool pool, DbConnection owningObject, DbConnectionOptions options, DbConnectionPoolKey poolKey, DbConnectionOptions userOptions)
   在 System.Data.ProviderBase.DbConnectionPool.CreateObject(DbConnection owningObject, DbConnectionOptions userOptions, DbConnectionInternal oldConnection)
   在 System.Data.ProviderBase.DbConnectionPool.UserCreateRequest(DbConnection owningObject, DbConnectionOptions userOptions, DbConnectionInternal oldConnection)
   在 System.Data.ProviderBase.DbConnectionPool.TryGetConnection(DbConnection owningObject, UInt32 waitForMultipleObjectsTimeout, Boolean allowCreate, Boolean onlyOneCheckConnection, DbConnectionOptions userOptions, DbConnectionInternal& connection)
   在 System.Data.ProviderBase.DbConnectionPool.TryGetConnection(DbConnection owningObject, TaskCompletionSource`1 retry, DbConnectionOptions userOptions, DbConnectionInternal& connection)
   在 System.Data.ProviderBase.DbConnectionFactory.TryGetConnection(DbConnection owningConnection, TaskCompletionSource`1 retry, DbConnectionOptions userOptions, DbConnectionInternal oldConnection, DbConnectionInternal& connection)
   在 System.Data.ProviderBase.DbConnectionInternal.TryOpenConnectionInternal(DbConnection outerConnection, DbConnectionFactory connectionFactory, TaskCompletionSource`1 retry, DbConnectionOptions userOptions)
   在 System.Data.ProviderBase.DbConnectionClosed.TryOpenConnection(DbConnection outerConnection, DbConnectionFactory connectionFactory, TaskCompletionSource`1 retry, DbConnectionOptions userOptions)
   在 System.Data.SqlClient.SqlConnection.TryOpenInner(TaskCompletionSource`1 retry)
   在 System.Data.SqlClient.SqlConnection.TryOpen(TaskCompletionSource`1 retry)
   在 System.Data.SqlClient.SqlConnection.Open()
   在 System.Data.Common.DbDataAdapter.FillInternal(DataSet dataset, DataTable[] datatables, Int32 startRecord, Int32 maxRecords, String srcTable, IDbCommand command, CommandBehavior behavior)
   在 System.Data.Common.DbDataAdapter.Fill(DataSet dataSet, Int32 startRecord, Int32 maxRecords, String srcTable, IDbCommand command, CommandBehavior behavior)
   在 System.Data.Common.DbDataAdapter.Fill(DataSet dataSet, String srcTable)
   在 DAT.DataBase.ExecuteTable(String sql, String str) 位置 C:\Users\zy\Desktop\保山tcpmodbus 两个棒子分开读\DAT\DataBase.cs:行号 176
   在 BLL.ShowToUi.updateDataTable(String tablename, String str) 位置 C:\Users\zy\Desktop\保山tcpmodbus 两个棒子分开读\BLL\ShowToUi.cs:行号 29
ClientConnectionId:00000000-0000-0000-0000-000000000000
Error Number:53,State:0,Class:20
ERROR 2022-07-27 16:01:39,833 [AppLog] 切方机192.168.108.170(QFJB01)connect()失败！,System.Net.Sockets.SocketException (0x80004005): 由于套接字没有连接并且(当使用一个 sendto 调用发送数据报套接字时)没有提供地址，发送或接收数据的请求没有被接受。
   在 System.Net.Sockets.TcpClient..ctor(String hostname, Int32 port)
   在 BLL.ModbusTcp.Connect() 位置 C:\Users\zy\Desktop\保山tcpmodbus 两个棒子分开读\BLL\ModbusTcp.cs:行号 74
   在 BLL.PLC_Process.generateQfDown() 位置 C:\Users\zy\Desktop\保山tcpmodbus 两个棒子分开读\BLL\PLC_Process.cs:行号 97
ERROR 2022-07-27 16:01:39,839 [AppLog] 错误为System.Threading.ThreadAbortException: 正在中止线程。
   在 BLL.PLC_Process.generateQfDown() 位置 C:\Users\zy\Desktop\保山tcpmodbus 两个棒子分开读\BLL\PLC_Process.cs:行号 102
ERROR 2022-07-27 16:07:08,844 [AppLog] [BS5GW].[dbo].[ProductB]表格显示失败,System.Data.SqlClient.SqlException (0x80131904): 在与 SQL Server 建立连接时出现与网络相关的或特定于实例的错误。未找到或无法访问服务器。请验证实例名称是否正确并且 SQL Server 已配置为允许远程连接。 (provider: Named Pipes Provider, error: 40 - 无法打开到 SQL Server 的连接) ---> System.ComponentModel.Win32Exception (0x80004005): 找不到网络路径。
   在 System.Data.SqlClient.SqlInternalConnectionTds..ctor(DbConnectionPoolIdentity identity, SqlConnectionString connectionOptions, SqlCredential credential, Object providerInfo, String newPassword, SecureString newSecurePassword, Boolean redirectedUserInstance, SqlConnectionString userConnectionOptions, SessionData reconnectSessionData, DbConnectionPool pool, String accessToken, Boolean applyTransientFaultHandling, SqlAuthenticationProviderManager sqlAuthProviderManager)
   在 System.Data.SqlClient.SqlConnectionFactory.CreateConnection(DbConnectionOptions options, DbConnectionPoolKey poolKey, Object poolGroupProviderInfo, DbConnectionPool pool, DbConnection owningConnection, DbConnectionOptions userOptions)
   在 System.Data.ProviderBase.DbConnectionFactory.CreatePooledConnection(DbConnectionPool pool, DbConnection owningObject, DbConnectionOptions options, DbConnectionPoolKey poolKey, DbConnectionOptions userOptions)
   在 System.Data.ProviderBase.DbConnectionPool.CreateObject(DbConnection owningObject, DbConnectionOptions userOptions, DbConnectionInternal oldConnection)
   在 System.Data.ProviderBase.DbConnectionPool.UserCreateRequest(DbConnection owningObject, DbConnectionOptions userOptions, DbConnectionInternal oldConnection)
   在 System.Data.ProviderBase.DbConnectionPool.TryGetConnection(DbConnection owningObject, UInt32 waitForMultipleObjectsTimeout, Boolean allowCreate, Boolean onlyOneCheckConnection, DbConnectionOptions userOptions, DbConnectionInternal& connection)
   在 System.Data.ProviderBase.DbConnectionPool.TryGetConnection(DbConnection owningObject, TaskCompletionSource`1 retry, DbConnectionOptions userOptions, DbConnectionInternal& connection)
   在 System.Data.ProviderBase.DbConnectionFactory.TryGetConnection(DbConnection owningConnection, TaskCompletionSource`1 retry, DbConnectionOptions userOptions, DbConnectionInternal oldConnection, DbConnectionInternal& connection)
   在 System.Data.ProviderBase.DbConnectionInternal.TryOpenConnectionInternal(DbConnection outerConnection, DbConnectionFactory connectionFactory, TaskCompletionSource`1 retry, DbConnectionOptions userOptions)
   在 System.Data.ProviderBase.DbConnectionClosed.TryOpenConnection(DbConnection outerConnection, DbConnectionFactory connectionFactory, TaskCompletionSource`1 retry, DbConnectionOptions userOptions)
   在 System.Data.SqlClient.SqlConnection.TryOpenInner(TaskCompletionSource`1 retry)
   在 System.Data.SqlClient.SqlConnection.TryOpen(TaskCompletionSource`1 retry)
   在 System.Data.SqlClient.SqlConnection.Open()
   在 System.Data.Common.DbDataAdapter.FillInternal(DataSet dataset, DataTable[] datatables, Int32 startRecord, Int32 maxRecords, String srcTable, IDbCommand command, CommandBehavior behavior)
   在 System.Data.Common.DbDataAdapter.Fill(DataSet dataSet, Int32 startRecord, Int32 maxRecords, String srcTable, IDbCommand command, CommandBehavior behavior)
   在 System.Data.Common.DbDataAdapter.Fill(DataSet dataSet, String srcTable)
   在 DAT.DataBase.ExecuteTable(String sql, String str) 位置 C:\Users\zy\Desktop\保山tcpmodbus 两个棒子分开读\DAT\DataBase.cs:行号 176
   在 BLL.ShowToUi.updateDataTable(String tablename, String str) 位置 C:\Users\zy\Desktop\保山tcpmodbus 两个棒子分开读\BLL\ShowToUi.cs:行号 29
ClientConnectionId:00000000-0000-0000-0000-000000000000
Error Number:53,State:0,Class:20
ERROR 2022-07-27 16:08:15,139 [AppLog] [BS5GW].[dbo].[ProductB]表格显示失败,System.Data.SqlClient.SqlException (0x80131904): 在与 SQL Server 建立连接时出现与网络相关的或特定于实例的错误。未找到或无法访问服务器。请验证实例名称是否正确并且 SQL Server 已配置为允许远程连接。 (provider: Named Pipes Provider, error: 40 - 无法打开到 SQL Server 的连接) ---> System.ComponentModel.Win32Exception (0x80004005): 找不到网络路径。
   在 System.Data.SqlClient.SqlInternalConnectionTds..ctor(DbConnectionPoolIdentity identity, SqlConnectionString connectionOptions, SqlCredential credential, Object providerInfo, String newPassword, SecureString newSecurePassword, Boolean redirectedUserInstance, SqlConnectionString userConnectionOptions, SessionData reconnectSessionData, DbConnectionPool pool, String accessToken, Boolean applyTransientFaultHandling, SqlAuthenticationProviderManager sqlAuthProviderManager)
   在 System.Data.SqlClient.SqlConnectionFactory.CreateConnection(DbConnectionOptions options, DbConnectionPoolKey poolKey, Object poolGroupProviderInfo, DbConnectionPool pool, DbConnection owningConnection, DbConnectionOptions userOptions)
   在 System.Data.ProviderBase.DbConnectionFactory.CreatePooledConnection(DbConnectionPool pool, DbConnection owningObject, DbConnectionOptions options, DbConnectionPoolKey poolKey, DbConnectionOptions userOptions)
   在 System.Data.ProviderBase.DbConnectionPool.CreateObject(DbConnection owningObject, DbConnectionOptions userOptions, DbConnectionInternal oldConnection)
   在 System.Data.ProviderBase.DbConnectionPool.UserCreateRequest(DbConnection owningObject, DbConnectionOptions userOptions, DbConnectionInternal oldConnection)
   在 System.Data.ProviderBase.DbConnectionPool.TryGetConnection(DbConnection owningObject, UInt32 waitForMultipleObjectsTimeout, Boolean allowCreate, Boolean onlyOneCheckConnection, DbConnectionOptions userOptions, DbConnectionInternal& connection)
   在 System.Data.ProviderBase.DbConnectionPool.TryGetConnection(DbConnection owningObject, TaskCompletionSource`1 retry, DbConnectionOptions userOptions, DbConnectionInternal& connection)
   在 System.Data.ProviderBase.DbConnectionFactory.TryGetConnection(DbConnection owningConnection, TaskCompletionSource`1 retry, DbConnectionOptions userOptions, DbConnectionInternal oldConnection, DbConnectionInternal& connection)
   在 System.Data.ProviderBase.DbConnectionInternal.TryOpenConnectionInternal(DbConnection outerConnection, DbConnectionFactory connectionFactory, TaskCompletionSource`1 retry, DbConnectionOptions userOptions)
   在 System.Data.ProviderBase.DbConnectionClosed.TryOpenConnection(DbConnection outerConnection, DbConnectionFactory connectionFactory, TaskCompletionSource`1 retry, DbConnectionOptions userOptions)
   在 System.Data.SqlClient.SqlConnection.TryOpenInner(TaskCompletionSource`1 retry)
   在 System.Data.SqlClient.SqlConnection.TryOpen(TaskCompletionSource`1 retry)
   在 System.Data.SqlClient.SqlConnection.Open()
   在 System.Data.Common.DbDataAdapter.FillInternal(DataSet dataset, DataTable[] datatables, Int32 startRecord, Int32 maxRecords, String srcTable, IDbCommand command, CommandBehavior behavior)
   在 System.Data.Common.DbDataAdapter.Fill(DataSet dataSet, Int32 startRecord, Int32 maxRecords, String srcTable, IDbCommand command, CommandBehavior behavior)
   在 System.Data.Common.DbDataAdapter.Fill(DataSet dataSet, String srcTable)
   在 DAT.DataBase.ExecuteTable(String sql, String str) 位置 C:\Users\zy\Desktop\保山tcpmodbus 两个棒子分开读\DAT\DataBase.cs:行号 176
   在 BLL.ShowToUi.updateDataTable(String tablename, String str) 位置 C:\Users\zy\Desktop\保山tcpmodbus 两个棒子分开读\BLL\ShowToUi.cs:行号 29
ClientConnectionId:00000000-0000-0000-0000-000000000000
Error Number:53,State:0,Class:20
ERROR 2022-07-27 16:08:36,235 [AppLog] 切方机192.168.108.170(QFJB01)connect()失败！,System.Net.Sockets.SocketException (0x80004005): 由于套接字没有连接并且(当使用一个 sendto 调用发送数据报套接字时)没有提供地址，发送或接收数据的请求没有被接受。
   在 System.Net.Sockets.TcpClient..ctor(String hostname, Int32 port)
   在 BLL.ModbusTcp.Connect() 位置 C:\Users\zy\Desktop\保山tcpmodbus 两个棒子分开读\BLL\ModbusTcp.cs:行号 74
   在 BLL.PLC_Process.generateQfDown() 位置 C:\Users\zy\Desktop\保山tcpmodbus 两个棒子分开读\BLL\PLC_Process.cs:行号 97
ERROR 2022-07-27 16:08:36,241 [AppLog] 错误为System.Threading.ThreadAbortException: 正在中止线程。
   在 BLL.PLC_Process.generateQfDown() 位置 C:\Users\zy\Desktop\保山tcpmodbus 两个棒子分开读\BLL\PLC_Process.cs:行号 102
ERROR 2022-07-27 16:14:08,321 [AppLog] [BS5GW].[dbo].[ProductB]表格显示失败,System.Data.SqlClient.SqlException (0x80131904): 在与 SQL Server 建立连接时出现与网络相关的或特定于实例的错误。未找到或无法访问服务器。请验证实例名称是否正确并且 SQL Server 已配置为允许远程连接。 (provider: Named Pipes Provider, error: 40 - 无法打开到 SQL Server 的连接) ---> System.ComponentModel.Win32Exception (0x80004005): 找不到网络路径。
   在 System.Data.SqlClient.SqlInternalConnectionTds..ctor(DbConnectionPoolIdentity identity, SqlConnectionString connectionOptions, SqlCredential credential, Object providerInfo, String newPassword, SecureString newSecurePassword, Boolean redirectedUserInstance, SqlConnectionString userConnectionOptions, SessionData reconnectSessionData, DbConnectionPool pool, String accessToken, Boolean applyTransientFaultHandling, SqlAuthenticationProviderManager sqlAuthProviderManager)
   在 System.Data.SqlClient.SqlConnectionFactory.CreateConnection(DbConnectionOptions options, DbConnectionPoolKey poolKey, Object poolGroupProviderInfo, DbConnectionPool pool, DbConnection owningConnection, DbConnectionOptions userOptions)
   在 System.Data.ProviderBase.DbConnectionFactory.CreatePooledConnection(DbConnectionPool pool, DbConnection owningObject, DbConnectionOptions options, DbConnectionPoolKey poolKey, DbConnectionOptions userOptions)
   在 System.Data.ProviderBase.DbConnectionPool.CreateObject(DbConnection owningObject, DbConnectionOptions userOptions, DbConnectionInternal oldConnection)
   在 System.Data.ProviderBase.DbConnectionPool.UserCreateRequest(DbConnection owningObject, DbConnectionOptions userOptions, DbConnectionInternal oldConnection)
   在 System.Data.ProviderBase.DbConnectionPool.TryGetConnection(DbConnection owningObject, UInt32 waitForMultipleObjectsTimeout, Boolean allowCreate, Boolean onlyOneCheckConnection, DbConnectionOptions userOptions, DbConnectionInternal& connection)
   在 System.Data.ProviderBase.DbConnectionPool.TryGetConnection(DbConnection owningObject, TaskCompletionSource`1 retry, DbConnectionOptions userOptions, DbConnectionInternal& connection)
   在 System.Data.ProviderBase.DbConnectionFactory.TryGetConnection(DbConnection owningConnection, TaskCompletionSource`1 retry, DbConnectionOptions userOptions, DbConnectionInternal oldConnection, DbConnectionInternal& connection)
   在 System.Data.ProviderBase.DbConnectionInternal.TryOpenConnectionInternal(DbConnection outerConnection, DbConnectionFactory connectionFactory, TaskCompletionSource`1 retry, DbConnectionOptions userOptions)
   在 System.Data.ProviderBase.DbConnectionClosed.TryOpenConnection(DbConnection outerConnection, DbConnectionFactory connectionFactory, TaskCompletionSource`1 retry, DbConnectionOptions userOptions)
   在 System.Data.SqlClient.SqlConnection.TryOpenInner(TaskCompletionSource`1 retry)
   在 System.Data.SqlClient.SqlConnection.TryOpen(TaskCompletionSource`1 retry)
   在 System.Data.SqlClient.SqlConnection.Open()
   在 System.Data.Common.DbDataAdapter.FillInternal(DataSet dataset, DataTable[] datatables, Int32 startRecord, Int32 maxRecords, String srcTable, IDbCommand command, CommandBehavior behavior)
   在 System.Data.Common.DbDataAdapter.Fill(DataSet dataSet, Int32 startRecord, Int32 maxRecords, String srcTable, IDbCommand command, CommandBehavior behavior)
   在 System.Data.Common.DbDataAdapter.Fill(DataSet dataSet, String srcTable)
   在 DAT.DataBase.ExecuteTable(String sql, String str) 位置 C:\Users\zy\Desktop\保山tcpmodbus 两个棒子分开读\DAT\DataBase.cs:行号 176
   在 BLL.ShowToUi.updateDataTable(String tablename, String str) 位置 C:\Users\zy\Desktop\保山tcpmodbus 两个棒子分开读\BLL\ShowToUi.cs:行号 29
ClientConnectionId:00000000-0000-0000-0000-000000000000
Error Number:53,State:0,Class:20
ERROR 2022-07-27 16:14:29,421 [AppLog] 切方机192.168.108.170(QFJB01)connect()失败！,System.Net.Sockets.SocketException (0x80004005): 由于套接字没有连接并且(当使用一个 sendto 调用发送数据报套接字时)没有提供地址，发送或接收数据的请求没有被接受。
   在 System.Net.Sockets.TcpClient..ctor(String hostname, Int32 port)
   在 BLL.ModbusTcp.Connect() 位置 C:\Users\zy\Desktop\保山tcpmodbus 两个棒子分开读\BLL\ModbusTcp.cs:行号 74
   在 BLL.PLC_Process.generateQfDown() 位置 C:\Users\zy\Desktop\保山tcpmodbus 两个棒子分开读\BLL\PLC_Process.cs:行号 97
ERROR 2022-07-27 16:14:29,426 [AppLog] 错误为System.Threading.ThreadAbortException: 正在中止线程。
   在 BLL.PLC_Process.generateQfDown() 位置 C:\Users\zy\Desktop\保山tcpmodbus 两个棒子分开读\BLL\PLC_Process.cs:行号 102
ERROR 2022-07-27 16:24:57,144 [AppLog] [BS5GW].[dbo].[ProductB]表格显示失败,System.Data.SqlClient.SqlException (0x80131904): 在与 SQL Server 建立连接时出现与网络相关的或特定于实例的错误。未找到或无法访问服务器。请验证实例名称是否正确并且 SQL Server 已配置为允许远程连接。 (provider: Named Pipes Provider, error: 40 - 无法打开到 SQL Server 的连接) ---> System.ComponentModel.Win32Exception (0x80004005): 找不到网络路径。
   在 System.Data.SqlClient.SqlInternalConnectionTds..ctor(DbConnectionPoolIdentity identity, SqlConnectionString connectionOptions, SqlCredential credential, Object providerInfo, String newPassword, SecureString newSecurePassword, Boolean redirectedUserInstance, SqlConnectionString userConnectionOptions, SessionData reconnectSessionData, DbConnectionPool pool, String accessToken, Boolean applyTransientFaultHandling, SqlAuthenticationProviderManager sqlAuthProviderManager)
   在 System.Data.SqlClient.SqlConnectionFactory.CreateConnection(DbConnectionOptions options, DbConnectionPoolKey poolKey, Object poolGroupProviderInfo, DbConnectionPool pool, DbConnection owningConnection, DbConnectionOptions userOptions)
   在 System.Data.ProviderBase.DbConnectionFactory.CreatePooledConnection(DbConnectionPool pool, DbConnection owningObject, DbConnectionOptions options, DbConnectionPoolKey poolKey, DbConnectionOptions userOptions)
   在 System.Data.ProviderBase.DbConnectionPool.CreateObject(DbConnection owningObject, DbConnectionOptions userOptions, DbConnectionInternal oldConnection)
   在 System.Data.ProviderBase.DbConnectionPool.UserCreateRequest(DbConnection owningObject, DbConnectionOptions userOptions, DbConnectionInternal oldConnection)
   在 System.Data.ProviderBase.DbConnectionPool.TryGetConnection(DbConnection owningObject, UInt32 waitForMultipleObjectsTimeout, Boolean allowCreate, Boolean onlyOneCheckConnection, DbConnectionOptions userOptions, DbConnectionInternal& connection)
   在 System.Data.ProviderBase.DbConnectionPool.TryGetConnection(DbConnection owningObject, TaskCompletionSource`1 retry, DbConnectionOptions userOptions, DbConnectionInternal& connection)
   在 System.Data.ProviderBase.DbConnectionFactory.TryGetConnection(DbConnection owningConnection, TaskCompletionSource`1 retry, DbConnectionOptions userOptions, DbConnectionInternal oldConnection, DbConnectionInternal& connection)
   在 System.Data.ProviderBase.DbConnectionInternal.TryOpenConnectionInternal(DbConnection outerConnection, DbConnectionFactory connectionFactory, TaskCompletionSource`1 retry, DbConnectionOptions userOptions)
   在 System.Data.ProviderBase.DbConnectionClosed.TryOpenConnection(DbConnection outerConnection, DbConnectionFactory connectionFactory, TaskCompletionSource`1 retry, DbConnectionOptions userOptions)
   在 System.Data.SqlClient.SqlConnection.TryOpenInner(TaskCompletionSource`1 retry)
   在 System.Data.SqlClient.SqlConnection.TryOpen(TaskCompletionSource`1 retry)
   在 System.Data.SqlClient.SqlConnection.Open()
   在 System.Data.Common.DbDataAdapter.FillInternal(DataSet dataset, DataTable[] datatables, Int32 startRecord, Int32 maxRecords, String srcTable, IDbCommand command, CommandBehavior behavior)
   在 System.Data.Common.DbDataAdapter.Fill(DataSet dataSet, Int32 startRecord, Int32 maxRecords, String srcTable, IDbCommand command, CommandBehavior behavior)
   在 System.Data.Common.DbDataAdapter.Fill(DataSet dataSet, String srcTable)
   在 DAT.DataBase.ExecuteTable(String sql, String str) 位置 C:\Users\zy\Desktop\保山tcpmodbus 两个棒子分开读\DAT\DataBase.cs:行号 176
   在 BLL.ShowToUi.updateDataTable(String tablename, String str) 位置 C:\Users\zy\Desktop\保山tcpmodbus 两个棒子分开读\BLL\ShowToUi.cs:行号 29
ClientConnectionId:00000000-0000-0000-0000-000000000000
Error Number:53,State:0,Class:20
ERROR 2022-07-27 16:25:18,254 [AppLog] 切方机192.168.108.170(QFJB01)connect()失败！,System.Net.Sockets.SocketException (0x80004005): 由于套接字没有连接并且(当使用一个 sendto 调用发送数据报套接字时)没有提供地址，发送或接收数据的请求没有被接受。
   在 System.Net.Sockets.TcpClient..ctor(String hostname, Int32 port)
   在 BLL.ModbusTcp.Connect() 位置 C:\Users\zy\Desktop\保山tcpmodbus 两个棒子分开读\BLL\ModbusTcp.cs:行号 74
   在 BLL.PLC_Process.generateQfDown() 位置 C:\Users\zy\Desktop\保山tcpmodbus 两个棒子分开读\BLL\PLC_Process.cs:行号 97
ERROR 2022-07-27 16:25:18,273 [AppLog] 错误为System.Threading.ThreadAbortException: 正在中止线程。
   在 BLL.PLC_Process.generateQfDown() 位置 C:\Users\zy\Desktop\保山tcpmodbus 两个棒子分开读\BLL\PLC_Process.cs:行号 102
ERROR 2022-07-27 16:42:23,249 [AppLog] [BS5GW].[dbo].[ProductB]表格显示失败,System.Data.SqlClient.SqlException (0x80131904): 在与 SQL Server 建立连接时出现与网络相关的或特定于实例的错误。未找到或无法访问服务器。请验证实例名称是否正确并且 SQL Server 已配置为允许远程连接。 (provider: Named Pipes Provider, error: 40 - 无法打开到 SQL Server 的连接) ---> System.ComponentModel.Win32Exception (0x80004005): 找不到网络路径。
   在 System.Data.SqlClient.SqlInternalConnectionTds..ctor(DbConnectionPoolIdentity identity, SqlConnectionString connectionOptions, SqlCredential credential, Object providerInfo, String newPassword, SecureString newSecurePassword, Boolean redirectedUserInstance, SqlConnectionString userConnectionOptions, SessionData reconnectSessionData, DbConnectionPool pool, String accessToken, Boolean applyTransientFaultHandling, SqlAuthenticationProviderManager sqlAuthProviderManager)
   在 System.Data.SqlClient.SqlConnectionFactory.CreateConnection(DbConnectionOptions options, DbConnectionPoolKey poolKey, Object poolGroupProviderInfo, DbConnectionPool pool, DbConnection owningConnection, DbConnectionOptions userOptions)
   在 System.Data.ProviderBase.DbConnectionFactory.CreatePooledConnection(DbConnectionPool pool, DbConnection owningObject, DbConnectionOptions options, DbConnectionPoolKey poolKey, DbConnectionOptions userOptions)
   在 System.Data.ProviderBase.DbConnectionPool.CreateObject(DbConnection owningObject, DbConnectionOptions userOptions, DbConnectionInternal oldConnection)
   在 System.Data.ProviderBase.DbConnectionPool.UserCreateRequest(DbConnection owningObject, DbConnectionOptions userOptions, DbConnectionInternal oldConnection)
   在 System.Data.ProviderBase.DbConnectionPool.TryGetConnection(DbConnection owningObject, UInt32 waitForMultipleObjectsTimeout, Boolean allowCreate, Boolean onlyOneCheckConnection, DbConnectionOptions userOptions, DbConnectionInternal& connection)
   在 System.Data.ProviderBase.DbConnectionPool.TryGetConnection(DbConnection owningObject, TaskCompletionSource`1 retry, DbConnectionOptions userOptions, DbConnectionInternal& connection)
   在 System.Data.ProviderBase.DbConnectionFactory.TryGetConnection(DbConnection owningConnection, TaskCompletionSource`1 retry, DbConnectionOptions userOptions, DbConnectionInternal oldConnection, DbConnectionInternal& connection)
   在 System.Data.ProviderBase.DbConnectionInternal.TryOpenConnectionInternal(DbConnection outerConnection, DbConnectionFactory connectionFactory, TaskCompletionSource`1 retry, DbConnectionOptions userOptions)
   在 System.Data.ProviderBase.DbConnectionClosed.TryOpenConnection(DbConnection outerConnection, DbConnectionFactory connectionFactory, TaskCompletionSource`1 retry, DbConnectionOptions userOptions)
   在 System.Data.SqlClient.SqlConnection.TryOpenInner(TaskCompletionSource`1 retry)
   在 System.Data.SqlClient.SqlConnection.TryOpen(TaskCompletionSource`1 retry)
   在 System.Data.SqlClient.SqlConnection.Open()
   在 System.Data.Common.DbDataAdapter.FillInternal(DataSet dataset, DataTable[] datatables, Int32 startRecord, Int32 maxRecords, String srcTable, IDbCommand command, CommandBehavior behavior)
   在 System.Data.Common.DbDataAdapter.Fill(DataSet dataSet, Int32 startRecord, Int32 maxRecords, String srcTable, IDbCommand command, CommandBehavior behavior)
   在 System.Data.Common.DbDataAdapter.Fill(DataSet dataSet, String srcTable)
   在 DAT.DataBase.ExecuteTable(String sql, String str) 位置 C:\Users\zy\Desktop\保山tcpmodbus 两个棒子分开读\DAT\DataBase.cs:行号 176
   在 BLL.ShowToUi.updateDataTable(String tablename, String str) 位置 C:\Users\zy\Desktop\保山tcpmodbus 两个棒子分开读\BLL\ShowToUi.cs:行号 29
ClientConnectionId:00000000-0000-0000-0000-000000000000
Error Number:53,State:0,Class:20
ERROR 2022-07-27 16:42:44,365 [AppLog] 切方机192.168.108.170(QFJB01)connect()失败！,System.Net.Sockets.SocketException (0x80004005): 由于套接字没有连接并且(当使用一个 sendto 调用发送数据报套接字时)没有提供地址，发送或接收数据的请求没有被接受。
   在 System.Net.Sockets.TcpClient..ctor(String hostname, Int32 port)
   在 BLL.ModbusTcp.Connect() 位置 C:\Users\zy\Desktop\保山tcpmodbus 两个棒子分开读\BLL\ModbusTcp.cs:行号 74
   在 BLL.PLC_Process.generateQfDown() 位置 C:\Users\zy\Desktop\保山tcpmodbus 两个棒子分开读\BLL\PLC_Process.cs:行号 97
ERROR 2022-07-27 16:42:44,370 [AppLog] 错误为System.Threading.ThreadAbortException: 正在中止线程。
   在 BLL.PLC_Process.generateQfDown() 位置 C:\Users\zy\Desktop\保山tcpmodbus 两个棒子分开读\BLL\PLC_Process.cs:行号 102
ERROR 2022-07-27 17:47:04,260 [AppLog] [BS5GW].[dbo].[ProductB]表格显示失败,System.Data.SqlClient.SqlException (0x80131904): 在与 SQL Server 建立连接时出现与网络相关的或特定于实例的错误。未找到或无法访问服务器。请验证实例名称是否正确并且 SQL Server 已配置为允许远程连接。 (provider: Named Pipes Provider, error: 40 - 无法打开到 SQL Server 的连接) ---> System.ComponentModel.Win32Exception (0x80004005): 找不到网络路径。
   在 System.Data.SqlClient.SqlInternalConnectionTds..ctor(DbConnectionPoolIdentity identity, SqlConnectionString connectionOptions, SqlCredential credential, Object providerInfo, String newPassword, SecureString newSecurePassword, Boolean redirectedUserInstance, SqlConnectionString userConnectionOptions, SessionData reconnectSessionData, DbConnectionPool pool, String accessToken, Boolean applyTransientFaultHandling, SqlAuthenticationProviderManager sqlAuthProviderManager)
   在 System.Data.SqlClient.SqlConnectionFactory.CreateConnection(DbConnectionOptions options, DbConnectionPoolKey poolKey, Object poolGroupProviderInfo, DbConnectionPool pool, DbConnection owningConnection, DbConnectionOptions userOptions)
   在 System.Data.ProviderBase.DbConnectionFactory.CreatePooledConnection(DbConnectionPool pool, DbConnection owningObject, DbConnectionOptions options, DbConnectionPoolKey poolKey, DbConnectionOptions userOptions)
   在 System.Data.ProviderBase.DbConnectionPool.CreateObject(DbConnection owningObject, DbConnectionOptions userOptions, DbConnectionInternal oldConnection)
   在 System.Data.ProviderBase.DbConnectionPool.UserCreateRequest(DbConnection owningObject, DbConnectionOptions userOptions, DbConnectionInternal oldConnection)
   在 System.Data.ProviderBase.DbConnectionPool.TryGetConnection(DbConnection owningObject, UInt32 waitForMultipleObjectsTimeout, Boolean allowCreate, Boolean onlyOneCheckConnection, DbConnectionOptions userOptions, DbConnectionInternal& connection)
   在 System.Data.ProviderBase.DbConnectionPool.TryGetConnection(DbConnection owningObject, TaskCompletionSource`1 retry, DbConnectionOptions userOptions, DbConnectionInternal& connection)
   在 System.Data.ProviderBase.DbConnectionFactory.TryGetConnection(DbConnection owningConnection, TaskCompletionSource`1 retry, DbConnectionOptions userOptions, DbConnectionInternal oldConnection, DbConnectionInternal& connection)
   在 System.Data.ProviderBase.DbConnectionInternal.TryOpenConnectionInternal(DbConnection outerConnection, DbConnectionFactory connectionFactory, TaskCompletionSource`1 retry, DbConnectionOptions userOptions)
   在 System.Data.ProviderBase.DbConnectionClosed.TryOpenConnection(DbConnection outerConnection, DbConnectionFactory connectionFactory, TaskCompletionSource`1 retry, DbConnectionOptions userOptions)
   在 System.Data.SqlClient.SqlConnection.TryOpenInner(TaskCompletionSource`1 retry)
   在 System.Data.SqlClient.SqlConnection.TryOpen(TaskCompletionSource`1 retry)
   在 System.Data.SqlClient.SqlConnection.Open()
   在 System.Data.Common.DbDataAdapter.FillInternal(DataSet dataset, DataTable[] datatables, Int32 startRecord, Int32 maxRecords, String srcTable, IDbCommand command, CommandBehavior behavior)
   在 System.Data.Common.DbDataAdapter.Fill(DataSet dataSet, Int32 startRecord, Int32 maxRecords, String srcTable, IDbCommand command, CommandBehavior behavior)
   在 System.Data.Common.DbDataAdapter.Fill(DataSet dataSet, String srcTable)
   在 DAT.DataBase.ExecuteTable(String sql, String str) 位置 C:\Users\zy\Desktop\保山tcpmodbus 两个棒子分开读\DAT\DataBase.cs:行号 176
   在 BLL.ShowToUi.updateDataTable(String tablename, String str) 位置 C:\Users\zy\Desktop\保山tcpmodbus 两个棒子分开读\BLL\ShowToUi.cs:行号 29
ClientConnectionId:00000000-0000-0000-0000-000000000000
Error Number:53,State:0,Class:20
ERROR 2022-07-27 17:47:25,361 [AppLog] 切方机192.168.108.170(QFJB01)connect()失败！,System.Net.Sockets.SocketException (0x80004005): 由于套接字没有连接并且(当使用一个 sendto 调用发送数据报套接字时)没有提供地址，发送或接收数据的请求没有被接受。
   在 System.Net.Sockets.TcpClient..ctor(String hostname, Int32 port)
   在 BLL.ModbusTcp.Connect() 位置 C:\Users\zy\Desktop\保山tcpmodbus 两个棒子分开读\BLL\ModbusTcp.cs:行号 74
   在 BLL.PLC_Process.generateQfDown() 位置 C:\Users\zy\Desktop\保山tcpmodbus 两个棒子分开读\BLL\PLC_Process.cs:行号 97
ERROR 2022-07-27 17:47:25,367 [AppLog] 错误为System.Threading.ThreadAbortException: 正在中止线程。
   在 BLL.PLC_Process.generateQfDown() 位置 C:\Users\zy\Desktop\保山tcpmodbus 两个棒子分开读\BLL\PLC_Process.cs:行号 102
ERROR 2022-07-27 18:17:19,223 [AppLog] [BS5GW].[dbo].[ProductB]表格显示失败,System.Data.SqlClient.SqlException (0x80131904): 在与 SQL Server 建立连接时出现与网络相关的或特定于实例的错误。未找到或无法访问服务器。请验证实例名称是否正确并且 SQL Server 已配置为允许远程连接。 (provider: Named Pipes Provider, error: 40 - 无法打开到 SQL Server 的连接) ---> System.ComponentModel.Win32Exception (0x80004005): 找不到网络路径。
   在 System.Data.SqlClient.SqlInternalConnectionTds..ctor(DbConnectionPoolIdentity identity, SqlConnectionString connectionOptions, SqlCredential credential, Object providerInfo, String newPassword, SecureString newSecurePassword, Boolean redirectedUserInstance, SqlConnectionString userConnectionOptions, SessionData reconnectSessionData, DbConnectionPool pool, String accessToken, Boolean applyTransientFaultHandling, SqlAuthenticationProviderManager sqlAuthProviderManager)
   在 System.Data.SqlClient.SqlConnectionFactory.CreateConnection(DbConnectionOptions options, DbConnectionPoolKey poolKey, Object poolGroupProviderInfo, DbConnectionPool pool, DbConnection owningConnection, DbConnectionOptions userOptions)
   在 System.Data.ProviderBase.DbConnectionFactory.CreatePooledConnection(DbConnectionPool pool, DbConnection owningObject, DbConnectionOptions options, DbConnectionPoolKey poolKey, DbConnectionOptions userOptions)
   在 System.Data.ProviderBase.DbConnectionPool.CreateObject(DbConnection owningObject, DbConnectionOptions userOptions, DbConnectionInternal oldConnection)
   在 System.Data.ProviderBase.DbConnectionPool.UserCreateRequest(DbConnection owningObject, DbConnectionOptions userOptions, DbConnectionInternal oldConnection)
   在 System.Data.ProviderBase.DbConnectionPool.TryGetConnection(DbConnection owningObject, UInt32 waitForMultipleObjectsTimeout, Boolean allowCreate, Boolean onlyOneCheckConnection, DbConnectionOptions userOptions, DbConnectionInternal& connection)
   在 System.Data.ProviderBase.DbConnectionPool.TryGetConnection(DbConnection owningObject, TaskCompletionSource`1 retry, DbConnectionOptions userOptions, DbConnectionInternal& connection)
   在 System.Data.ProviderBase.DbConnectionFactory.TryGetConnection(DbConnection owningConnection, TaskCompletionSource`1 retry, DbConnectionOptions userOptions, DbConnectionInternal oldConnection, DbConnectionInternal& connection)
   在 System.Data.ProviderBase.DbConnectionInternal.TryOpenConnectionInternal(DbConnection outerConnection, DbConnectionFactory connectionFactory, TaskCompletionSource`1 retry, DbConnectionOptions userOptions)
   在 System.Data.ProviderBase.DbConnectionClosed.TryOpenConnection(DbConnection outerConnection, DbConnectionFactory connectionFactory, TaskCompletionSource`1 retry, DbConnectionOptions userOptions)
   在 System.Data.SqlClient.SqlConnection.TryOpenInner(TaskCompletionSource`1 retry)
   在 System.Data.SqlClient.SqlConnection.TryOpen(TaskCompletionSource`1 retry)
   在 System.Data.SqlClient.SqlConnection.Open()
   在 System.Data.Common.DbDataAdapter.FillInternal(DataSet dataset, DataTable[] datatables, Int32 startRecord, Int32 maxRecords, String srcTable, IDbCommand command, CommandBehavior behavior)
   在 System.Data.Common.DbDataAdapter.Fill(DataSet dataSet, Int32 startRecord, Int32 maxRecords, String srcTable, IDbCommand command, CommandBehavior behavior)
   在 System.Data.Common.DbDataAdapter.Fill(DataSet dataSet, String srcTable)
   在 DAT.DataBase.ExecuteTable(String sql, String str) 位置 C:\Users\zy\Desktop\保山tcpmodbus 两个棒子分开读\DAT\DataBase.cs:行号 176
   在 BLL.ShowToUi.updateDataTable(String tablename, String str) 位置 C:\Users\zy\Desktop\保山tcpmodbus 两个棒子分开读\BLL\ShowToUi.cs:行号 29
ClientConnectionId:00000000-0000-0000-0000-000000000000
Error Number:53,State:0,Class:20
ERROR 2022-07-27 18:17:40,331 [AppLog] 切方机192.168.108.170(QFJB01)connect()失败！,System.Net.Sockets.SocketException (0x80004005): 由于套接字没有连接并且(当使用一个 sendto 调用发送数据报套接字时)没有提供地址，发送或接收数据的请求没有被接受。
   在 System.Net.Sockets.TcpClient..ctor(String hostname, Int32 port)
   在 BLL.ModbusTcp.Connect() 位置 C:\Users\zy\Desktop\保山tcpmodbus 两个棒子分开读\BLL\ModbusTcp.cs:行号 74
   在 BLL.PLC_Process.generateQfDown() 位置 C:\Users\zy\Desktop\保山tcpmodbus 两个棒子分开读\BLL\PLC_Process.cs:行号 97
ERROR 2022-07-27 18:17:40,338 [AppLog] 错误为System.Threading.ThreadAbortException: 正在中止线程。
   在 BLL.PLC_Process.generateQfDown() 位置 C:\Users\zy\Desktop\保山tcpmodbus 两个棒子分开读\BLL\PLC_Process.cs:行号 102
